
> freelancer-marketplace-ui@0.1.0 dev:backend
> npm --prefix backend run dev


> freelancer-marketplace-payments-api@1.0.0 dev
> node --watch src/server.js

[payments-api] listening on port 4000
[0mGET /uploads/profilePictures/LyoYP08ACPbyrZqjSo0sxpNpbjA2/1772410277420-avatar.jpg [36m304[0m 16.131 ms - -[0m
[0mGET /uploads/profilePictures/LyoYP08ACPbyrZqjSo0sxpNpbjA2/1772410277420-avatar.jpg [36m304[0m 0.647 ms - -[0m
[0mGET /uploads/profilePictures/LyoYP08ACPbyrZqjSo0sxpNpbjA2/1772410277420-avatar.jpg [36m304[0m 0.553 ms - -[0m
[0mGET /uploads/profilePictures/LyoYP08ACPbyrZqjSo0sxpNpbjA2/1772410277420-avatar.jpg [36m304[0m 0.359 ms - -[0m
[0mGET /uploads/profilePictures/LyoYP08ACPbyrZqjSo0sxpNpbjA2/1772410277420-avatar.jpg [36m304[0m 0.516 ms - -[0m
[0mGET /uploads/profilePictures/LyoYP08ACPbyrZqjSo0sxpNpbjA2/1772410277420-avatar.jpg [36m304[0m 0.419 ms - -[0m
[0mGET /uploads/profilePictures/LyoYP08ACPbyrZqjSo0sxpNpbjA2/1772410277420-avatar.jpg [36m304[0m 0.298 ms - -[0m
[0mGET /uploads/profilePictures/LyoYP08ACPbyrZqjSo0sxpNpbjA2/1772410277420-avatar.jpg [36m304[0m 0.378 ms - -[0m
[0mGET /uploads/profilePictures/LyoYP08ACPbyrZqjSo0sxpNpbjA2/1772410277420-avatar.jpg [36m304[0m 0.368 ms - -[0m
[0mGET /uploads/profilePictures/LyoYP08ACPbyrZqjSo0sxpNpbjA2/1772410277420-avatar.jpg [36m304[0m 0.707 ms - -[0m
[0mGET /uploads/profilePictures/LyoYP08ACPbyrZqjSo0sxpNpbjA2/1772410277420-avatar.jpg [36m304[0m 0.758 ms - -[0m
[0mGET /uploads/profilePictures/LyoYP08ACPbyrZqjSo0sxpNpbjA2/1772410277420-avatar.jpg [36m304[0m 0.318 ms - -[0m
[0mGET /uploads/profilePictures/LyoYP08ACPbyrZqjSo0sxpNpbjA2/1772410277420-avatar.jpg [36m304[0m 0.441 ms - -[0m
[0mGET /uploads/profilePictures/LyoYP08ACPbyrZqjSo0sxpNpbjA2/1772410277420-avatar.jpg [36m304[0m 0.711 ms - -[0m
[0mGET /uploads/profilePictures/LyoYP08ACPbyrZqjSo0sxpNpbjA2/1772410277420-avatar.jpg [32m200[0m 10.901 ms - 9383[0m
[0mGET /uploads/profilePictures/LyoYP08ACPbyrZqjSo0sxpNpbjA2/1772410277420-avatar.jpg [36m304[0m 0.517 ms - -[0m
[0mGET /uploads/profilePictures/LyoYP08ACPbyrZqjSo0sxpNpbjA2/1772410277420-avatar.jpg [36m304[0m 0.508 ms - -[0m
[0mGET /uploads/profilePictures/LyoYP08ACPbyrZqjSo0sxpNpbjA2/1772410277420-avatar.jpg [36m304[0m 0.487 ms - -[0m
[0mGET /uploads/profilePictures/LyoYP08ACPbyrZqjSo0sxpNpbjA2/1772410277420-avatar.jpg [36m304[0m 0.616 ms - -[0m
Restarting 'src/server.js'
[payments-api] listening on port 4000
[0mGET /uploads/profilePictures/LyoYP08ACPbyrZqjSo0sxpNpbjA2/1772410277420-avatar.jpg [36m304[0m 12.347 ms - -[0m
Restarting 'src/server.js'
Failed running 'src/server.js'. Waiting for file changes before restarting...
Restarting 'src/server.js'
Failed running 'src/server.js'. Waiting for file changes before restarting...
Restarting 'src/server.js'
Failed running 'src/server.js'. Waiting for file changes before restarting...
Restarting 'src/server.js'
Failed running 'src/server.js'. Waiting for file changes before restarting...
Restarting 'src/server.js'
Restarting 'src/server.js'
Restarting 'src/server.js'
[payments-api] listening on port 4000
Restarting 'src/server.js'
[payments-api] listening on port 4000
Restarting 'src/server.js'
Failed running 'src/server.js'. Waiting for file changes before restarting...
Restarting 'src/server.js'
Failed running 'src/server.js'. Waiting for file changes before restarting...
Restarting 'src/server.js'
Failed running 'src/server.js'. Waiting for file changes before restarting...
Restarting 'src/server.js'
Failed running 'src/server.js'. Waiting for file changes before restarting...
Restarting 'src/server.js'
Restarting 'src/server.js'
Restarting 'src/server.js'
[payments-api] listening on port 4000
Restarting 'src/server.js'
Restarting 'src/server.js'
[payments-api] listening on port 4000
Restarting 'src/server.js'
[payments-api] listening on port 4000
Restarting 'src/server.js'
Restarting 'src/server.js'
Restarting 'src/server.js'
Restarting 'src/server.js'
[payments-api] listening on port 4000
Restarting 'src/server.js'
Failed running 'src/server.js'. Waiting for file changes before restarting...
Restarting 'src/server.js'
Failed running 'src/server.js'. Waiting for file changes before restarting...
Restarting 'src/server.js'
Failed running 'src/server.js'. Waiting for file changes before restarting...
