
> freelancer-marketplace-ui@0.1.0 dev
> vite --host 0.0.0.0 --port 5173


  [32m[1mVITE[22m v5.4.21[39m  [2mready in [0m[1m405[22m[2m[0m ms[22m

  [32m➜[39m  [1mLocal[22m:   [36mhttp://localhost:[1m5173[22m/[39m
  [32m➜[39m  [1mNetwork[22m: [36mhttp://192.168.1.4:[1m5173[22m/[39m
[2m6:57:06 AM[22m [36m[1m[vite][22m[39m [32mpage reload [39m[2msrc/services/storageService.js[22m
[2m6:57:22 AM[22m [36m[1m[vite][22m[39m [32mhmr update [39m[2m/src/styles/index.css, /src/components/ProtectedRoute.jsx, /src/pages/client/Dashboard.jsx, /src/components/DashboardLayout.jsx, /src/components/Sidebar.jsx, /src/components/Topbar.jsx, /src/components/StatusBadge.jsx[22m
[2m6:57:35 AM[22m [36m[1m[vite][22m[39m [32mhmr update [39m[2m/src/styles/index.css, /src/components/ProtectedRoute.jsx, /src/pages/client/Dashboard.jsx, /src/components/DashboardLayout.jsx, /src/components/Sidebar.jsx, /src/components/Topbar.jsx, /src/components/StatusBadge.jsx[22m
[2m6:57:46 AM[22m [36m[1m[vite][22m[39m [32mhmr update [39m[2m/src/components/Sidebar.jsx, /src/styles/index.css[22m
[2m6:57:57 AM[22m [36m[1m[vite][22m[39m [32mhmr update [39m[2m/src/components/Sidebar.jsx, /src/styles/index.css[22m
[2m6:58:09 AM[22m [36m[1m[vite][22m[39m [32mhmr update [39m[2m/src/components/Topbar.jsx, /src/styles/index.css[22m
[2m6:58:35 AM[22m [36m[1m[vite][22m[39m [32mpage reload [39m[2msrc/components/JobCard.jsx[22m
[2m6:58:43 AM[22m [36m[1m[vite][22m[39m [32mpage reload [39m[2msrc/components/JobCard.jsx[22m
[2m6:58:56 AM[22m [36m[1m[vite][22m[39m [32mhmr update [39m[2m/src/components/ProposalCard.jsx, /src/styles/index.css[22m
[2m7:00:20 AM[22m [36m[1m[vite][22m[39m [32mpage reload [39m[2msrc/services/jobsService.js[22m
[2m7:00:28 AM[22m [36m[1m[vite][22m[39m [32mpage reload [39m[2msrc/services/proposalsService.js[22m
[2m7:00:38 AM[22m [36m[1m[vite][22m[39m [32mpage reload [39m[2msrc/services/marketplaceFlowApi.js[22m
[2m7:00:49 AM[22m [36m[1m[vite][22m[39m [32mpage reload [39m[2msrc/components/AvatarUpload.jsx[22m
[2m7:01:23 AM[22m [36m[1m[vite][22m[39m [32mpage reload [39m[2msrc/pages/freelancer/Onboarding.jsx[22m
[2m7:01:49 AM[22m [36m[1m[vite][22m[39m [32mhmr update [39m[2m/src/styles/index.css, /src/components/ProtectedRoute.jsx, /src/pages/client/Dashboard.jsx, /src/components/DashboardLayout.jsx, /src/components/Sidebar.jsx, /src/components/Topbar.jsx, /src/components/StatusBadge.jsx[22m
[2m7:04:01 AM[22m [36m[1m[vite][22m[39m [32mhmr update [39m[2m/src/styles/index.css, /src/components/ProtectedRoute.jsx, /src/pages/client/Dashboard.jsx, /src/components/DashboardLayout.jsx, /src/components/Sidebar.jsx, /src/components/Topbar.jsx, /src/components/StatusBadge.jsx, /src/components/ProposalCard.jsx[22m
[2m7:04:11 AM[22m [36m[1m[vite][22m[39m [32mpage reload [39m[2msrc/services/storageService.js[22m
[2m7:20:26 AM[22m [36m[1m[vite][22m[39m [32mhmr update [39m[2m/src/styles/index.css, /src/components/ProtectedRoute.jsx, /src/pages/client/Dashboard.jsx, /src/components/DashboardLayout.jsx, /src/components/Sidebar.jsx, /src/components/Topbar.jsx, /src/components/StatusBadge.jsx[22m
[2m7:20:54 AM[22m [36m[1m[vite][22m[39m [32mpage reload [39m[2msrc/services/usersService.js[22m
[2m7:21:08 AM[22m [36m[1m[vite][22m[39m [32mhmr update [39m[2m/src/styles/index.css, /src/components/ProtectedRoute.jsx, /src/pages/client/Dashboard.jsx, /src/components/DashboardLayout.jsx, /src/components/Sidebar.jsx, /src/components/Topbar.jsx, /src/components/StatusBadge.jsx, /src/components/ProposalCard.jsx[22m
[2m7:21:24 AM[22m [36m[1m[vite][22m[39m [32mhmr update [39m[2m/src/styles/index.css, /src/components/ProtectedRoute.jsx, /src/pages/client/Dashboard.jsx, /src/components/DashboardLayout.jsx, /src/components/Sidebar.jsx, /src/components/Topbar.jsx, /src/components/StatusBadge.jsx[22m
[2m7:22:46 AM[22m [36m[1m[vite][22m[39m [32mpage reload [39m[2msrc/pages/freelancer/Onboarding.jsx[22m
[2m9:25:13 AM[22m [36m[1m[vite][22m[39m [32mhmr update [39m[2m/src/styles/index.css, /src/components/ProtectedRoute.jsx, /src/pages/client/Dashboard.jsx, /src/components/DashboardLayout.jsx, /src/components/Sidebar.jsx, /src/components/Topbar.jsx, /src/components/StatusBadge.jsx, /src/pages/client/CompanyProfile.jsx[22m
[2m9:54:58 AM[22m [36m[1m[vite][22m[39m [32mhmr update [39m[2m/src/styles/index.css, /src/pages/client/CompanyProfile.jsx, /src/components/AvatarUpload.jsx[22m
[2m9:56:10 AM[22m [36m[1m[vite][22m[39m [32mhmr update [39m[2m/src/pages/client/CompanyProfile.jsx, /src/styles/index.css[22m
[2m9:57:01 AM[22m [36m[1m[vite][22m[39m [32mpage reload [39m[2msrc/pages/freelancer/Onboarding.jsx[22m
[2m9:58:55 AM[22m [36m[1m[vite][22m[39m [32mpage reload [39m[2msrc/pages/freelancer/Onboarding.jsx[22m
[2m10:01:11 AM[22m [36m[1m[vite][22m[39m [32mhmr update [39m[2m/src/components/AvatarUpload.jsx, /src/styles/index.css[22m
[2m10:02:13 AM[22m [36m[1m[vite][22m[39m [32mhmr update [39m[2m/src/styles/index.css, /src/pages/client/Dashboard.jsx, /src/pages/client/CompanyProfile.jsx[22m
[2m10:04:02 AM[22m [36m[1m[vite][22m[39m [32mhmr update [39m[2m/src/App.jsx, /src/styles/index.css[22m
[2m10:04:37 AM[22m [36m[1m[vite][22m[39m [32mhmr update [39m[2m/src/components/Topbar.jsx, /src/styles/index.css[22m
[2m10:05:11 AM[22m [36m[1m[vite][22m[39m [32mhmr update [39m[2m/src/styles/index.css, /src/pages/client/CompanyProfile.jsx, /src/components/AvatarUpload.jsx[22m
[2m10:07:06 AM[22m [36m[1m[vite][22m[39m [32mhmr update [39m[2m/src/styles/index.css, /src/pages/client/CompanyProfile.jsx, /src/components/AvatarUpload.jsx[22m
[2m10:11:54 AM[22m [36m[1m[vite][22m[39m [32mhmr update [39m[2m/src/pages/client/CompanyProfile.jsx, /src/styles/index.css[22m
[2m10:12:29 AM[22m [36m[1m[vite][22m[39m [32mpage reload [39m[2msrc/pages/freelancer/Onboarding.jsx[22m
[2m10:46:52 AM[22m [36m[1m[vite][22m[39m [32mhmr update [39m[2m/src/styles/index.css, /src/components/ProtectedRoute.jsx, /src/pages/client/Dashboard.jsx, /src/components/DashboardLayout.jsx, /src/components/Sidebar.jsx, /src/components/Topbar.jsx, /src/components/StatusBadge.jsx, /src/pages/client/CompanyProfile.jsx[22m
[2m10:49:38 AM[22m [36m[1m[vite][22m[39m [32mhmr update [39m[2m/src/styles/index.css, /src/pages/client/CompanyProfile.jsx[22m
[2m10:50:37 AM[22m [36m[1m[vite][22m[39m [32mhmr update [39m[2m/src/styles/index.css, /src/pages/client/CompanyProfile.jsx[22m
[2m10:51:34 AM[22m [36m[1m[vite][22m[39m [32mhmr update [39m[2m/src/styles/index.css, /src/pages/client/CompanyProfile.jsx[22m
[2m10:52:24 AM[22m [36m[1m[vite][22m[39m [32mhmr update [39m[2m/src/styles/index.css, /src/pages/client/CompanyProfile.jsx[22m
[2m10:53:07 AM[22m [36m[1m[vite][22m[39m [32mhmr update [39m[2m/src/styles/index.css, /src/pages/client/CompanyProfile.jsx[22m
[2m11:24:41 AM[22m [36m[1m[vite][22m[39m [32mhmr update [39m[2m/src/styles/index.css, /src/pages/client/CompanyProfile.jsx, /src/components/AvatarUpload.jsx[22m
[2m11:27:59 AM[22m [36m[1m[vite][22m[39m [32mhmr update [39m[2m/src/pages/client/CompanyProfile.jsx, /src/styles/index.css[22m
[2m11:28:28 AM[22m [36m[1m[vite][22m[39m [32mhmr update [39m[2m/src/pages/client/CompanyProfile.jsx, /src/styles/index.css[22m
[2m11:29:00 AM[22m [36m[1m[vite][22m[39m [32mhmr update [39m[2m/src/pages/client/CompanyProfile.jsx, /src/styles/index.css[22m
[2m11:29:44 AM[22m [36m[1m[vite][22m[39m [32mhmr update [39m[2m/src/pages/client/CompanyProfile.jsx, /src/styles/index.css[22m
[2m11:31:07 AM[22m [36m[1m[vite][22m[39m [32mpage reload [39m[2msrc/pages/freelancer/Onboarding.jsx[22m
[2m11:31:53 AM[22m [36m[1m[vite][22m[39m [32mpage reload [39m[2msrc/pages/freelancer/Onboarding.jsx[22m
[2m11:39:26 AM[22m [36m[1m[vite][22m[39m [32mpage reload [39m[2msrc/pages/freelancer/Onboarding.jsx[22m
[2m12:23:31 PM[22m [36m[1m[vite][22m[39m [32mhmr update [39m[2m/src/styles/index.css, /src/pages/client/CompanyProfile.jsx, /src/components/AvatarUpload.jsx[22m
[2m12:23:56 PM[22m [36m[1m[vite][22m[39m [32mhmr update [39m[2m/src/styles/index.css, /src/pages/client/CompanyProfile.jsx, /src/components/AvatarUpload.jsx[22m
[2m12:43:01 PM[22m [36m[1m[vite][22m[39m [32mhmr update [39m[2m/src/styles/index.css, /src/pages/client/CompanyProfile.jsx, /src/components/AvatarUpload.jsx[22m
[2m2:52:58 PM[22m [36m[1m[vite][22m[39m [32mhmr update [39m[2m/src/styles/index.css, /src/pages/client/CompanyProfile.jsx, /src/components/AvatarUpload.jsx[22m
[2m2:53:26 PM[22m [36m[1m[vite][22m[39m [32mhmr update [39m[2m/src/styles/index.css, /src/pages/client/CompanyProfile.jsx, /src/components/AvatarUpload.jsx[22m
[2m2:53:57 PM[22m [36m[1m[vite][22m[39m [32mhmr update [39m[2m/src/styles/index.css, /src/pages/client/CompanyProfile.jsx, /src/components/AvatarUpload.jsx[22m
[2m2:54:19 PM[22m [36m[1m[vite][22m[39m [32mhmr update [39m[2m/src/styles/index.css, /src/pages/client/CompanyProfile.jsx, /src/components/AvatarUpload.jsx[22m
[2m2:55:26 PM[22m [36m[1m[vite][22m[39m [32mhmr update [39m[2m/src/styles/index.css, /src/pages/client/CompanyProfile.jsx, /src/components/AvatarUpload.jsx[22m
[2m2:57:28 PM[22m [36m[1m[vite][22m[39m [32mhmr update [39m[2m/src/styles/index.css, /src/pages/client/CompanyProfile.jsx, /src/components/AvatarUpload.jsx[22m
[2m3:00:50 PM[22m [36m[1m[vite][22m[39m [32mhmr update [39m[2m/src/styles/index.css, /src/pages/client/CompanyProfile.jsx, /src/components/AvatarUpload.jsx[22m
[2m3:02:52 PM[22m [36m[1m[vite][22m[39m [32mhmr update [39m[2m/src/styles/index.css, /src/pages/client/CompanyProfile.jsx, /src/components/AvatarUpload.jsx[22m
[2m3:04:10 PM[22m [36m[1m[vite][22m[39m [32mhmr update [39m[2m/src/styles/index.css, /src/pages/client/CompanyProfile.jsx, /src/components/AvatarUpload.jsx[22m
[2m3:47:29 PM[22m [36m[1m[vite][22m[39m [32mhmr update [39m[2m/src/components/DashboardLayout.jsx, /src/styles/index.css[22m
[2m3:48:04 PM[22m [36m[1m[vite][22m[39m [32mhmr update [39m[2m/src/components/Sidebar.jsx, /src/styles/index.css[22m
[2m3:51:16 PM[22m [36m[1m[vite][22m[39m [32mhmr update [39m[2m/src/components/DashboardLayout.jsx, /src/styles/index.css[22m
[2m4:06:10 PM[22m [36m[1m[vite][22m[39m [32mhmr update [39m[2m/src/components/Topbar.jsx, /src/styles/index.css[22m
[2m4:06:37 PM[22m [36m[1m[vite][22m[39m [32mhmr update [39m[2m/src/components/DashboardLayout.jsx, /src/styles/index.css[22m
[2m4:07:31 PM[22m [36m[1m[vite][22m[39m [32mhmr update [39m[2m/src/App.jsx, /src/styles/index.css[22m
[2m4:08:29 PM[22m [36m[1m[vite][22m[39m [32mhmr update [39m[2m/src/App.jsx, /src/styles/index.css[22m
[2m4:08:55 PM[22m [36m[1m[vite][22m[39m [32mpage reload [39m[2mindex.html[22m
[2m4:09:28 PM[22m [36m[1m[vite][22m[39m [32mhmr update [39m[2m/src/contexts/AuthContext.jsx, /src/styles/index.css[22m
[2m4:26:03 PM[22m [36m[1m[vite][22m[39m [32mhmr update [39m[2m/src/styles/index.css[22m
[2m4:50:28 PM[22m [36m[1m[vite][22m[39m [32mhmr update [39m[2m/src/styles/index.css, /src/pages/client/CompanyProfile.jsx, /src/components/AvatarUpload.jsx[22m
