
> freelancer-marketplace-ui@0.1.0 dev
> vite


  [32m[1mVITE[22m v5.4.21[39m  [2mready in [0m[1m713[22m[2m[0m ms[22m

  [32m➜[39m  [1mLocal[22m:   [36mhttp://localhost:[1m5173[22m/[39m
[2m  [32m➜[39m  [1mNetwork[22m[2m: use [22m[1m--host[22m[2m to expose[22m
[2m6:02:18 PM[22m [36m[1m[vite][22m[39m [32mhmr update [39m[2m/src/pages/public/ChooseRole.jsx, /src/styles/index.css[22m
[2m6:04:21 PM[22m [36m[1m[vite][22m[39m [32mhmr update [39m[2m/src/pages/public/ChooseRole.jsx, /src/styles/index.css[22m
[2m6:06:23 PM[22m [36m[1m[vite][22m[39m [32mhmr update [39m[2m/src/components/icons/FreelancerRoleIcon.jsx, /src/styles/index.css[22m
[2m6:13:48 PM[22m [36m[1m[vite][22m[39m [32mhmr update [39m[2m/src/pages/public/Signup.jsx, /src/styles/index.css[22m
[2m6:14:04 PM[22m [36m[1m[vite][22m[39m [32mhmr update [39m[2m/src/styles/index.css[22m
[2m6:15:38 PM[22m [36m[1m[vite][22m[39m [32mhmr update [39m[2m/src/pages/public/Signup.jsx, /src/styles/index.css[22m
[2m6:22:31 PM[22m [36m[1m[vite][22m[39m [32mhmr update [39m[2m/src/pages/public/Signup.jsx, /src/styles/index.css[22m
[2m6:22:39 PM[22m [36m[1m[vite][22m[39m [32mhmr update [39m[2m/src/pages/public/Signup.jsx, /src/styles/index.css[22m
[2m6:38:28 PM[22m [36m[1m[vite][22m[39m [32mhmr update [39m[2m/src/pages/public/Signup.jsx, /src/styles/index.css[22m
[2m6:39:39 PM[22m [36m[1m[vite][22m[39m [32mhmr update [39m[2m/src/pages/public/Login.jsx, /src/styles/index.css[22m
[2m6:39:47 PM[22m [36m[1m[vite][22m[39m [32mhmr update [39m[2m/src/pages/public/Signup.jsx, /src/styles/index.css[22m
[2m6:41:45 PM[22m [36m[1m[vite][22m[39m [32mhmr update [39m[2m/src/pages/public/Login.jsx, /src/styles/index.css[22m
[2m6:42:07 PM[22m [36m[1m[vite][22m[39m [32mhmr update [39m[2m/src/pages/public/Signup.jsx, /src/styles/index.css[22m
[2m6:42:18 PM[22m [36m[1m[vite][22m[39m [32mhmr update [39m[2m/src/styles/index.css[22m
[2m6:49:58 PM[22m [36m[1m[vite][22m[39m [32mhmr update [39m[2m/src/components/icons/GoogleIcon.jsx, /src/styles/index.css[22m
[2m6:51:03 PM[22m [36m[1m[vite][22m[39m [32mhmr update [39m[2m/src/pages/public/Login.jsx, /src/styles/index.css[22m
[2m6:55:41 PM[22m [36m[1m[vite][22m[39m [32mhmr update [39m[2m/src/components/Topbar.jsx, /src/styles/index.css[22m
[2m6:57:39 PM[22m [36m[1m[vite][22m[39m [32mhmr update [39m[2m/src/components/Sidebar.jsx, /src/styles/index.css[22m
[2m7:02:19 PM[22m [36m[1m[vite][22m[39m [32mhmr update [39m[2m/src/components/DashboardLayout.jsx, /src/styles/index.css[22m
