
> freelancer-marketplace-ui@0.1.0 dev
> vite --host 0.0.0.0 --port 5173


  [32m[1mVITE[22m v5.4.21[39m  [2mready in [0m[1m644[22m[2m[0m ms[22m

  [32m➜[39m  [1mLocal[22m:   [36mhttp://localhost:[1m5173[22m/[39m
  [32m➜[39m  [1mNetwork[22m: [36mhttp://192.168.1.34:[1m5173[22m/[39m
[2m7:52:28 PM[22m [36m[1m[vite][22m[39m [32mpage reload [39m[2msrc/services/storageService.js[22m
[2m8:17:03 PM[22m [36m[1m[vite][22m[39m [32mpage reload [39m[2msrc/utils/clientProfile.js[22m
[2m8:17:41 PM[22m [36m[1m[vite][22m[39m [32mpage reload [39m[2msrc/utils/freelancerOnboarding.js[22m
[2m8:29:56 PM[22m [36m[1m[vite][22m[39m [32mpage reload [39m[2msrc/components/StatusBadge.jsx[22m
[2m8:30:13 PM[22m [36m[1m[vite][22m[39m [32mhmr update [39m[2m/src/components/Button.jsx, /src/styles/index.css[22m
[2m8:30:41 PM[22m [36m[1m[vite][22m[39m [32mpage reload [39m[2msrc/services/authService.js[22m
[2m8:32:10 PM[22m [36m[1m[vite][22m[39m [32mpage reload [39m[2msrc/services/usersService.js[22m
[2m8:32:52 PM[22m [36m[1m[vite][22m[39m [32mpage reload [39m[2msrc/utils/freelancerOnboarding.js[22m
[2m8:33:16 PM[22m [36m[1m[vite][22m[39m [32mhmr update [39m[2m/src/components/ProtectedRoute.jsx, /src/styles/index.css[22m
[2m8:33:37 PM[22m [36m[1m[vite][22m[39m [32mhmr update [39m[2m/src/App.jsx, /src/styles/index.css[22m
[2m8:33:51 PM[22m [36m[1m[vite][22m[39m [32mpage reload [39m[2msrc/data/nav.js[22m
[2m8:34:11 PM[22m [36m[1m[vite][22m[39m [32mpage reload [39m[2msrc/components/Sidebar.jsx[22m
[2m8:34:27 PM[22m [36m[1m[vite][22m[39m [32mpage reload [39m[2msrc/components/DashboardLayout.jsx[22m
[2m8:39:08 PM[22m [36m[1m[vite][22m[39m [32mpage reload [39m[2msrc/pages/freelancer/Onboarding.jsx[22m
[2m8:39:23 PM[22m [36m[1m[vite][22m[39m [32mpage reload [39m[2msrc/pages/freelancer/Onboarding.jsx[22m
[2m8:39:40 PM[22m [36m[1m[vite][22m[39m [32mpage reload [39m[2msrc/pages/freelancer/Onboarding.jsx[22m
[2m8:40:02 PM[22m [36m[1m[vite][22m[39m [32mpage reload [39m[2msrc/pages/freelancer/Onboarding.jsx[22m
[2m8:40:17 PM[22m [36m[1m[vite][22m[39m [32mpage reload [39m[2msrc/pages/freelancer/Onboarding.jsx[22m
[2m8:40:36 PM[22m [36m[1m[vite][22m[39m [32mpage reload [39m[2msrc/pages/freelancer/Onboarding.jsx[22m
[2m8:40:57 PM[22m [36m[1m[vite][22m[39m [32mpage reload [39m[2msrc/pages/freelancer/Onboarding.jsx[22m
[2m8:41:24 PM[22m [36m[1m[vite][22m[39m [32mpage reload [39m[2msrc/pages/freelancer/Onboarding.jsx[22m
[2m8:41:38 PM[22m [36m[1m[vite][22m[39m [32mpage reload [39m[2msrc/pages/freelancer/Onboarding.jsx[22m
[2m8:41:59 PM[22m [36m[1m[vite][22m[39m [32mpage reload [39m[2msrc/pages/freelancer/Onboarding.jsx[22m
[2m8:42:14 PM[22m [36m[1m[vite][22m[39m [32mpage reload [39m[2msrc/pages/freelancer/Onboarding.jsx[22m
[2m8:42:34 PM[22m [36m[1m[vite][22m[39m [32mpage reload [39m[2msrc/pages/freelancer/Onboarding.jsx[22m
[2m8:42:53 PM[22m [36m[1m[vite][22m[39m [32mpage reload [39m[2msrc/pages/freelancer/Onboarding.jsx[22m
[2m8:43:11 PM[22m [36m[1m[vite][22m[39m [32mpage reload [39m[2msrc/pages/freelancer/Onboarding.jsx[22m
[2m8:43:37 PM[22m [36m[1m[vite][22m[39m [32mpage reload [39m[2msrc/pages/freelancer/Onboarding.jsx[22m
[2m8:45:28 PM[22m [36m[1m[vite][22m[39m [32mpage reload [39m[2msrc/components/PageHeader.jsx[22m
[2m9:02:17 PM[22m [36m[1m[vite][22m[39m [32mpage reload [39m[2msrc/services/jobsService.js[22m
[2m9:02:37 PM[22m [36m[1m[vite][22m[39m [32mpage reload [39m[2msrc/services/proposalsService.js[22m
[2m9:02:59 PM[22m [36m[1m[vite][22m[39m [32mpage reload [39m[2msrc/services/marketplaceFlowApi.js[22m
