[2m11:01:06 AM[22m [31m[1m[vite][22m[39m [31mInternal server error: C:\freelancer 7.2.26\src\pages\freelancer\JobDetails.jsx: Expected corresponding JSX closing tag for <section>. (989:8)

[0m [90m 987 |[31m             [33m<[31m[33m/[31m[33mdiv[31m[33m>[31m
 [90m 988 |[31m           [33m<[31m[33m/[31m[33mdiv[31m[33m>[31m
[31m[1m>[22m[31m[90m 989 |[31m         [33m<[31m[33m/[31m[33m>[31m
 [90m     |[31m         [31m[1m^[22m[31m
 [90m 990 |[31m           [33m<[31m[33msection[31m className[33m=[31m[32m"grid gap-6 xl:grid-cols-[1.35fr_0.65fr]"[31m[33m>[31m
 [90m 991 |[31m             [33m<[31m[33mdiv[31m className[33m=[31m[32m"space-y-6"[31m[33m>[31m
 [90m 992 |[31m               {statusMessage [33m?[31m ([0m[39m
  Plugin: [35mvite:react-babel[39m
  File: [36mC:/freelancer 7.2.26/src/pages/freelancer/JobDetails.jsx[39m:989:8
[33m  987|              </div>
  988|            </div>
  989|          </>
     |          ^
  990|            <section className="grid gap-6 xl:grid-cols-[1.35fr_0.65fr]">
  991|              <div className="space-y-6">[39m
      at constructor (C:\freelancer 7.2.26\node_modules\@babel\parser\lib\index.js:365:19)
      at JSXParserMixin.raise (C:\freelancer 7.2.26\node_modules\@babel\parser\lib\index.js:6599:19)
      at JSXParserMixin.jsxParseElementAt (C:\freelancer 7.2.26\node_modules\@babel\parser\lib\index.js:4722:14)
      at JSXParserMixin.jsxParseElement (C:\freelancer 7.2.26\node_modules\@babel\parser\lib\index.js:4749:17)
      at JSXParserMixin.parseExprAtom (C:\freelancer 7.2.26\node_modules\@babel\parser\lib\index.js:4759:19)
      at JSXParserMixin.parseExprSubscripts (C:\freelancer 7.2.26\node_modules\@babel\parser\lib\index.js:11081:23)
      at JSXParserMixin.parseUpdate (C:\freelancer 7.2.26\node_modules\@babel\parser\lib\index.js:11066:21)
      at JSXParserMixin.parseMaybeUnary (C:\freelancer 7.2.26\node_modules\@babel\parser\lib\index.js:11046:23)
      at JSXParserMixin.parseMaybeUnaryOrPrivate (C:\freelancer 7.2.26\node_modules\@babel\parser\lib\index.js:10899:61)
      at JSXParserMixin.parseExprOps (C:\freelancer 7.2.26\node_modules\@babel\parser\lib\index.js:10904:23)
      at JSXParserMixin.parseMaybeConditional (C:\freelancer 7.2.26\node_modules\@babel\parser\lib\index.js:10881:23)
      at JSXParserMixin.parseMaybeAssign (C:\freelancer 7.2.26\node_modules\@babel\parser\lib\index.js:10831:21)
      at C:\freelancer 7.2.26\node_modules\@babel\parser\lib\index.js:10800:39
      at JSXParserMixin.allowInAnd (C:\freelancer 7.2.26\node_modules\@babel\parser\lib\index.js:12426:12)
      at JSXParserMixin.parseMaybeAssignAllowIn (C:\freelancer 7.2.26\node_modules\@babel\parser\lib\index.js:10800:17)
      at JSXParserMixin.parseMaybeAssignAllowInOrVoidPattern (C:\freelancer 7.2.26\node_modules\@babel\parser\lib\index.js:12493:17)
      at JSXParserMixin.parseParenAndDistinguishExpression (C:\freelancer 7.2.26\node_modules\@babel\parser\lib\index.js:11675:28)
      at JSXParserMixin.parseExprAtom (C:\freelancer 7.2.26\node_modules\@babel\parser\lib\index.js:11331:23)
      at JSXParserMixin.parseExprAtom (C:\freelancer 7.2.26\node_modules\@babel\parser\lib\index.js:4764:20)
      at JSXParserMixin.parseExprSubscripts (C:\freelancer 7.2.26\node_modules\@babel\parser\lib\index.js:11081:23)
      at JSXParserMixin.parseUpdate (C:\freelancer 7.2.26\node_modules\@babel\parser\lib\index.js:11066:21)
      at JSXParserMixin.parseMaybeUnary (C:\freelancer 7.2.26\node_modules\@babel\parser\lib\index.js:11046:23)
      at JSXParserMixin.parseMaybeUnaryOrPrivate (C:\freelancer 7.2.26\node_modules\@babel\parser\lib\index.js:10899:61)
      at JSXParserMixin.parseExprOps (C:\freelancer 7.2.26\node_modules\@babel\parser\lib\index.js:10904:23)
      at JSXParserMixin.parseMaybeConditional (C:\freelancer 7.2.26\node_modules\@babel\parser\lib\index.js:10881:23)
      at JSXParserMixin.parseMaybeAssign (C:\freelancer 7.2.26\node_modules\@babel\parser\lib\index.js:10831:21)
      at JSXParserMixin.parseConditional (C:\freelancer 7.2.26\node_modules\@babel\parser\lib\index.js:10893:29)
      at JSXParserMixin.parseMaybeConditional (C:\freelancer 7.2.26\node_modules\@babel\parser\lib\index.js:10885:17)
      at JSXParserMixin.parseMaybeAssign (C:\freelancer 7.2.26\node_modules\@babel\parser\lib\index.js:10831:21)
      at JSXParserMixin.parseConditional (C:\freelancer 7.2.26\node_modules\@babel\parser\lib\index.js:10893:29)
      at JSXParserMixin.parseMaybeConditional (C:\freelancer 7.2.26\node_modules\@babel\parser\lib\index.js:10885:17)
      at JSXParserMixin.parseMaybeAssign (C:\freelancer 7.2.26\node_modules\@babel\parser\lib\index.js:10831:21)
      at JSXParserMixin.parseConditional (C:\freelancer 7.2.26\node_modules\@babel\parser\lib\index.js:10893:29)
      at JSXParserMixin.parseMaybeConditional (C:\freelancer 7.2.26\node_modules\@babel\parser\lib\index.js:10885:17)
      at JSXParserMixin.parseMaybeAssign (C:\freelancer 7.2.26\node_modules\@babel\parser\lib\index.js:10831:21)
      at JSXParserMixin.parseExpressionBase (C:\freelancer 7.2.26\node_modules\@babel\parser\lib\index.js:10784:23)
      at C:\freelancer 7.2.26\node_modules\@babel\parser\lib\index.js:10780:39
      at JSXParserMixin.allowInAnd (C:\freelancer 7.2.26\node_modules\@babel\parser\lib\index.js:12426:12)
      at JSXParserMixin.parseExpression (C:\freelancer 7.2.26\node_modules\@babel\parser\lib\index.js:10780:17)
      at JSXParserMixin.jsxParseExpressionContainer (C:\freelancer 7.2.26\node_modules\@babel\parser\lib\index.js:4632:31)
      at JSXParserMixin.jsxParseElementAt (C:\freelancer 7.2.26\node_modules\@babel\parser\lib\index.js:4711:36)
      at JSXParserMixin.jsxParseElement (C:\freelancer 7.2.26\node_modules\@babel\parser\lib\index.js:4749:17)
      at JSXParserMixin.parseExprAtom (C:\freelancer 7.2.26\node_modules\@babel\parser\lib\index.js:4759:19)
      at JSXParserMixin.parseExprSubscripts (C:\freelancer 7.2.26\node_modules\@babel\parser\lib\index.js:11081:23)
      at JSXParserMixin.parseUpdate (C:\freelancer 7.2.26\node_modules\@babel\parser\lib\index.js:11066:21)
      at JSXParserMixin.parseMaybeUnary (C:\freelancer 7.2.26\node_modules\@babel\parser\lib\index.js:11046:23)
      at JSXParserMixin.parseMaybeUnaryOrPrivate (C:\freelancer 7.2.26\node_modules\@babel\parser\lib\index.js:10899:61)
      at JSXParserMixin.parseExprOps (C:\freelancer 7.2.26\node_modules\@babel\parser\lib\index.js:10904:23)
      at JSXParserMixin.parseMaybeConditional (C:\freelancer 7.2.26\node_modules\@babel\parser\lib\index.js:10881:23)
      at JSXParserMixin.parseMaybeAssign (C:\freelancer 7.2.26\node_modules\@babel\parser\lib\index.js:10831:21)
[2m11:01:59 AM[22m [31m[1m[vite][22m[39m [31mInternal server error: C:\freelancer 7.2.26\src\pages\freelancer\JobDetails.jsx: Expected corresponding JSX closing tag for <div>. (989:10)

[0m [90m 987 |[31m               [33m<[31m[33m/[31m[33mdiv[31m[33m>[31m
 [90m 988 |[31m             [33m<[31m[33m/[31m[33mdiv[31m[33m>[31m
[31m[1m>[22m[31m[90m 989 |[31m           [33m<[31m[33m/[31m[33msection[31m[33m>[31m
 [90m     |[31m           [31m[1m^[22m[31m
 [90m 990 |[31m           {statusMessage [33m?[31m (
 [90m 991 |[31m             [33m<[31m[33mdiv[31m className[33m=[31m[32m"rounded-xl border border-white/10 bg-white/5 px-4 py-3 text-sm text-slate-300"[31m[33m>[31m
 [90m 992 |[31m               {statusMessage}[0m[39m
  Plugin: [35mvite:react-babel[39m
  File: [36mC:/freelancer 7.2.26/src/pages/freelancer/JobDetails.jsx[39m:989:10
[33m  987|                </div>
  988|              </div>
  989|            </section>
     |            ^
  990|            {statusMessage ? (
  991|              <div className="rounded-xl border border-white/10 bg-white/5 px-4 py-3 text-sm text-slate-300">[39m
      at constructor (C:\freelancer 7.2.26\node_modules\@babel\parser\lib\index.js:365:19)
      at JSXParserMixin.raise (C:\freelancer 7.2.26\node_modules\@babel\parser\lib\index.js:6599:19)
      at JSXParserMixin.jsxParseElementAt (C:\freelancer 7.2.26\node_modules\@babel\parser\lib\index.js:4727:16)
      at JSXParserMixin.jsxParseElementAt (C:\freelancer 7.2.26\node_modules\@babel\parser\lib\index.js:4698:32)
      at JSXParserMixin.jsxParseElementAt (C:\freelancer 7.2.26\node_modules\@babel\parser\lib\index.js:4698:32)
      at JSXParserMixin.jsxParseElement (C:\freelancer 7.2.26\node_modules\@babel\parser\lib\index.js:4749:17)
      at JSXParserMixin.parseExprAtom (C:\freelancer 7.2.26\node_modules\@babel\parser\lib\index.js:4759:19)
      at JSXParserMixin.parseExprSubscripts (C:\freelancer 7.2.26\node_modules\@babel\parser\lib\index.js:11081:23)
      at JSXParserMixin.parseUpdate (C:\freelancer 7.2.26\node_modules\@babel\parser\lib\index.js:11066:21)
      at JSXParserMixin.parseMaybeUnary (C:\freelancer 7.2.26\node_modules\@babel\parser\lib\index.js:11046:23)
      at JSXParserMixin.parseMaybeUnaryOrPrivate (C:\freelancer 7.2.26\node_modules\@babel\parser\lib\index.js:10899:61)
      at JSXParserMixin.parseExprOps (C:\freelancer 7.2.26\node_modules\@babel\parser\lib\index.js:10904:23)
      at JSXParserMixin.parseMaybeConditional (C:\freelancer 7.2.26\node_modules\@babel\parser\lib\index.js:10881:23)
      at JSXParserMixin.parseMaybeAssign (C:\freelancer 7.2.26\node_modules\@babel\parser\lib\index.js:10831:21)
      at C:\freelancer 7.2.26\node_modules\@babel\parser\lib\index.js:10800:39
      at JSXParserMixin.allowInAnd (C:\freelancer 7.2.26\node_modules\@babel\parser\lib\index.js:12426:12)
      at JSXParserMixin.parseMaybeAssignAllowIn (C:\freelancer 7.2.26\node_modules\@babel\parser\lib\index.js:10800:17)
      at JSXParserMixin.parseMaybeAssignAllowInOrVoidPattern (C:\freelancer 7.2.26\node_modules\@babel\parser\lib\index.js:12493:17)
      at JSXParserMixin.parseParenAndDistinguishExpression (C:\freelancer 7.2.26\node_modules\@babel\parser\lib\index.js:11675:28)
      at JSXParserMixin.parseExprAtom (C:\freelancer 7.2.26\node_modules\@babel\parser\lib\index.js:11331:23)
      at JSXParserMixin.parseExprAtom (C:\freelancer 7.2.26\node_modules\@babel\parser\lib\index.js:4764:20)
      at JSXParserMixin.parseExprSubscripts (C:\freelancer 7.2.26\node_modules\@babel\parser\lib\index.js:11081:23)
      at JSXParserMixin.parseUpdate (C:\freelancer 7.2.26\node_modules\@babel\parser\lib\index.js:11066:21)
      at JSXParserMixin.parseMaybeUnary (C:\freelancer 7.2.26\node_modules\@babel\parser\lib\index.js:11046:23)
      at JSXParserMixin.parseMaybeUnaryOrPrivate (C:\freelancer 7.2.26\node_modules\@babel\parser\lib\index.js:10899:61)
      at JSXParserMixin.parseExprOps (C:\freelancer 7.2.26\node_modules\@babel\parser\lib\index.js:10904:23)
      at JSXParserMixin.parseMaybeConditional (C:\freelancer 7.2.26\node_modules\@babel\parser\lib\index.js:10881:23)
      at JSXParserMixin.parseMaybeAssign (C:\freelancer 7.2.26\node_modules\@babel\parser\lib\index.js:10831:21)
      at JSXParserMixin.parseConditional (C:\freelancer 7.2.26\node_modules\@babel\parser\lib\index.js:10893:29)
      at JSXParserMixin.parseMaybeConditional (C:\freelancer 7.2.26\node_modules\@babel\parser\lib\index.js:10885:17)
      at JSXParserMixin.parseMaybeAssign (C:\freelancer 7.2.26\node_modules\@babel\parser\lib\index.js:10831:21)
      at JSXParserMixin.parseConditional (C:\freelancer 7.2.26\node_modules\@babel\parser\lib\index.js:10893:29)
      at JSXParserMixin.parseMaybeConditional (C:\freelancer 7.2.26\node_modules\@babel\parser\lib\index.js:10885:17)
      at JSXParserMixin.parseMaybeAssign (C:\freelancer 7.2.26\node_modules\@babel\parser\lib\index.js:10831:21)
      at JSXParserMixin.parseConditional (C:\freelancer 7.2.26\node_modules\@babel\parser\lib\index.js:10893:29)
      at JSXParserMixin.parseMaybeConditional (C:\freelancer 7.2.26\node_modules\@babel\parser\lib\index.js:10885:17)
      at JSXParserMixin.parseMaybeAssign (C:\freelancer 7.2.26\node_modules\@babel\parser\lib\index.js:10831:21)
      at JSXParserMixin.parseExpressionBase (C:\freelancer 7.2.26\node_modules\@babel\parser\lib\index.js:10784:23)
      at C:\freelancer 7.2.26\node_modules\@babel\parser\lib\index.js:10780:39
      at JSXParserMixin.allowInAnd (C:\freelancer 7.2.26\node_modules\@babel\parser\lib\index.js:12426:12)
      at JSXParserMixin.parseExpression (C:\freelancer 7.2.26\node_modules\@babel\parser\lib\index.js:10780:17)
      at JSXParserMixin.jsxParseExpressionContainer (C:\freelancer 7.2.26\node_modules\@babel\parser\lib\index.js:4632:31)
      at JSXParserMixin.jsxParseElementAt (C:\freelancer 7.2.26\node_modules\@babel\parser\lib\index.js:4711:36)
      at JSXParserMixin.jsxParseElement (C:\freelancer 7.2.26\node_modules\@babel\parser\lib\index.js:4749:17)
      at JSXParserMixin.parseExprAtom (C:\freelancer 7.2.26\node_modules\@babel\parser\lib\index.js:4759:19)
      at JSXParserMixin.parseExprSubscripts (C:\freelancer 7.2.26\node_modules\@babel\parser\lib\index.js:11081:23)
      at JSXParserMixin.parseUpdate (C:\freelancer 7.2.26\node_modules\@babel\parser\lib\index.js:11066:21)
      at JSXParserMixin.parseMaybeUnary (C:\freelancer 7.2.26\node_modules\@babel\parser\lib\index.js:11046:23)
      at JSXParserMixin.parseMaybeUnaryOrPrivate (C:\freelancer 7.2.26\node_modules\@babel\parser\lib\index.js:10899:61)
      at JSXParserMixin.parseExprOps (C:\freelancer 7.2.26\node_modules\@babel\parser\lib\index.js:10904:23)
^C^C